<?xml version="1.0" encoding="UTF-8"?>
<!-- Generated by org.testng.reporters.JUnitXMLReporter -->
<testsuite ignored="0" hostname="SAGAR-PC" failures="0" tests="3" name="FirefoxTest" time="57.176" errors="0" timestamp="2021-10-15T16:13:03 IST">
  <testcase classname="TestClass.TestClass" name="testA" time="10.948"/>
  <testcase classname="TestClass.TestClass" name="testB" time="7.394"/>
  <testcase classname="TestClass.TestClass" name="testC" time="17.662"/>
</testsuite> <!-- FirefoxTest -->
